[1.195s] DEBUG:colcon:Command line arguments: ['/usr/bin/colcon', 'list', '-p', '--base-paths', '/home/josh/point_to_point-Robot']
[1.200s] DEBUG:colcon:Parsed command line arguments: Namespace(log_base=None, log_level=None, verb_name='list', build_base='build', ignore_user_meta=False, metas=['./colcon.meta'], base_paths=['/home/josh/point_to_point-Robot'], packages_ignore=None, packages_ignore_regex=None, paths=None, packages_up_to=None, packages_up_to_regex=None, packages_above=None, packages_above_and_dependencies=None, packages_above_depth=None, packages_select_by_dep=None, packages_skip_by_dep=None, packages_skip_up_to=None, packages_select_build_failed=False, packages_skip_build_finished=False, packages_select_test_failures=False, packages_skip_test_passed=False, packages_select=None, packages_skip=None, packages_select_regex=None, packages_skip_regex=None, packages_start=None, packages_end=None, allow_overriding=[], topological_order=False, names_only=False, paths_only=True, topological_graph=False, topological_graph_dot=False, topological_graph_density=False, topological_graph_legend=False, topological_graph_dot_cluster=False, topological_graph_dot_include_skipped=False, mixin_files=None, mixin=None, verb_parser=<colcon_mixin.mixin.mixin_argument.MixinArgumentDecorator object at 0x718d65e02140>, verb_extension=<colcon_package_information.verb.list.ListVerb object at 0x718d65e010f0>, main=<bound method ListVerb.main of <colcon_package_information.verb.list.ListVerb object at 0x718d65e010f0>>, mixin_verb=('list',))
[2.506s] Level 1:colcon.colcon_core.package_discovery:discover_packages(colcon_meta) check parameters
[2.619s] Level 1:colcon.colcon_core.package_discovery:discover_packages(recursive) check parameters
[2.619s] Level 1:colcon.colcon_core.package_discovery:discover_packages(ignore) check parameters
[2.619s] Level 1:colcon.colcon_core.package_discovery:discover_packages(path) check parameters
[2.619s] Level 1:colcon.colcon_core.package_discovery:discover_packages(recursive) discover
[2.619s] INFO:colcon.colcon_core.package_discovery:Crawling recursively for packages in '/home/josh/point_to_point-Robot'
[2.620s] Level 1:colcon.colcon_core.package_identification:_identify(/home/josh/point_to_point-Robot) by extensions ['ignore', 'ignore_ament_install']
[2.620s] Level 1:colcon.colcon_core.package_identification:_identify(/home/josh/point_to_point-Robot) by extension 'ignore'
[2.620s] Level 1:colcon.colcon_core.package_identification:_identify(/home/josh/point_to_point-Robot) by extension 'ignore_ament_install'
[2.620s] Level 1:colcon.colcon_core.package_identification:_identify(/home/josh/point_to_point-Robot) by extensions ['colcon_pkg']
[2.620s] Level 1:colcon.colcon_core.package_identification:_identify(/home/josh/point_to_point-Robot) by extension 'colcon_pkg'
[2.620s] Level 1:colcon.colcon_core.package_identification:_identify(/home/josh/point_to_point-Robot) by extensions ['colcon_meta']
[2.620s] Level 1:colcon.colcon_core.package_identification:_identify(/home/josh/point_to_point-Robot) by extension 'colcon_meta'
[2.620s] Level 1:colcon.colcon_core.package_identification:_identify(/home/josh/point_to_point-Robot) by extensions ['ros']
[2.620s] Level 1:colcon.colcon_core.package_identification:_identify(/home/josh/point_to_point-Robot) by extension 'ros'
[2.784s] Level 1:colcon.colcon_core.package_identification:_identify(/home/josh/point_to_point-Robot) by extensions ['cmake', 'python']
[2.920s] Level 1:colcon.colcon_core.package_identification:_identify(/home/josh/point_to_point-Robot) by extension 'cmake'
[2.920s] Level 1:colcon.colcon_core.package_identification:_identify(/home/josh/point_to_point-Robot) by extension 'python'
[2.922s] Level 1:colcon.colcon_core.package_identification:_identify(/home/josh/point_to_point-Robot) by extensions ['python_setup_py']
[2.922s] Level 1:colcon.colcon_core.package_identification:_identify(/home/josh/point_to_point-Robot) by extension 'python_setup_py'
[2.923s] Level 1:colcon.colcon_core.package_identification:_identify(/home/josh/point_to_point-Robot/log) by extensions ['ignore', 'ignore_ament_install']
[2.923s] Level 1:colcon.colcon_core.package_identification:_identify(/home/josh/point_to_point-Robot/log) by extension 'ignore'
[2.924s] Level 1:colcon.colcon_core.package_identification:_identify(/home/josh/point_to_point-Robot/log) ignored
[2.932s] Level 1:colcon.colcon_core.package_identification:_identify(/home/josh/point_to_point-Robot/src) by extensions ['ignore', 'ignore_ament_install']
[2.932s] Level 1:colcon.colcon_core.package_identification:_identify(/home/josh/point_to_point-Robot/src) by extension 'ignore'
[2.932s] Level 1:colcon.colcon_core.package_identification:_identify(/home/josh/point_to_point-Robot/src) by extension 'ignore_ament_install'
[2.932s] Level 1:colcon.colcon_core.package_identification:_identify(/home/josh/point_to_point-Robot/src) by extensions ['colcon_pkg']
[2.932s] Level 1:colcon.colcon_core.package_identification:_identify(/home/josh/point_to_point-Robot/src) by extension 'colcon_pkg'
[2.933s] Level 1:colcon.colcon_core.package_identification:_identify(/home/josh/point_to_point-Robot/src) by extensions ['colcon_meta']
[2.933s] Level 1:colcon.colcon_core.package_identification:_identify(/home/josh/point_to_point-Robot/src) by extension 'colcon_meta'
[2.933s] Level 1:colcon.colcon_core.package_identification:_identify(/home/josh/point_to_point-Robot/src) by extensions ['ros']
[2.933s] Level 1:colcon.colcon_core.package_identification:_identify(/home/josh/point_to_point-Robot/src) by extension 'ros'
[2.933s] Level 1:colcon.colcon_core.package_identification:_identify(/home/josh/point_to_point-Robot/src) by extensions ['cmake', 'python']
[2.933s] Level 1:colcon.colcon_core.package_identification:_identify(/home/josh/point_to_point-Robot/src) by extension 'cmake'
[2.933s] Level 1:colcon.colcon_core.package_identification:_identify(/home/josh/point_to_point-Robot/src) by extension 'python'
[2.933s] Level 1:colcon.colcon_core.package_identification:_identify(/home/josh/point_to_point-Robot/src) by extensions ['python_setup_py']
[2.933s] Level 1:colcon.colcon_core.package_identification:_identify(/home/josh/point_to_point-Robot/src) by extension 'python_setup_py'
[2.933s] Level 1:colcon.colcon_core.package_identification:_identify(/home/josh/point_to_point-Robot/src/robot_controller) by extensions ['ignore', 'ignore_ament_install']
[2.933s] Level 1:colcon.colcon_core.package_identification:_identify(/home/josh/point_to_point-Robot/src/robot_controller) by extension 'ignore'
[2.934s] Level 1:colcon.colcon_core.package_identification:_identify(/home/josh/point_to_point-Robot/src/robot_controller) by extension 'ignore_ament_install'
[3.102s] Level 1:colcon.colcon_core.package_identification:_identify(/home/josh/point_to_point-Robot/src/robot_controller) by extensions ['colcon_pkg']
[3.102s] Level 1:colcon.colcon_core.package_identification:_identify(/home/josh/point_to_point-Robot/src/robot_controller) by extension 'colcon_pkg'
[3.102s] Level 1:colcon.colcon_core.package_identification:_identify(/home/josh/point_to_point-Robot/src/robot_controller) by extensions ['colcon_meta']
[3.102s] Level 1:colcon.colcon_core.package_identification:_identify(/home/josh/point_to_point-Robot/src/robot_controller) by extension 'colcon_meta'
[3.102s] Level 1:colcon.colcon_core.package_identification:_identify(/home/josh/point_to_point-Robot/src/robot_controller) by extensions ['ros']
[3.102s] Level 1:colcon.colcon_core.package_identification:_identify(/home/josh/point_to_point-Robot/src/robot_controller) by extension 'ros'
[3.111s] DEBUG:colcon.colcon_core.package_identification:Package '/home/josh/point_to_point-Robot/src/robot_controller' with type 'ros.ament_python' and name 'robot_controller'
[3.111s] Level 1:colcon.colcon_core.package_discovery:discover_packages(recursive) using defaults
